<!DOCTYPE html PUBLIC "-//W3C//DTD XHTML 1.1//EN" "https://www.w3.org/TR/xhtml11/DTD/xhtml11.dtd">
<html xmlns="https://www.w3.org/1999/xhtml">
<head>
<meta http-equiv="content-type" content="text/html; charset=UTF-8"/>
<title>TestNG Report</title>
<style type="text/css">table {margin-bottom:10px;border-collapse:collapse;empty-cells:show}th,td {border:1px solid #009;padding:.25em .5em}th {vertical-align:bottom}td {vertical-align:top}table a {font-weight:bold}.stripe td {background-color: #E6EBF9}.num {text-align:right}.passedodd td {background-color: #3F3}.passedeven td {background-color: #0A0}.skippedodd td {background-color: #DDD}.skippedeven td {background-color: #CCC}.failedodd td,.attn {background-color: #F33}.failedeven td,.stripe .attn {background-color: #D00}.stacktrace {white-space:pre;font-family:monospace}.totop {font-size:85%;text-align:center;border-bottom:2px solid #000}.invisible {display:none}</style>
</head>
<body>
<table>
<tr><th>Test</th><th># Passed</th><th># Skipped</th><th># Retried</th><th># Failed</th><th>Time (ms)</th><th>Included Groups</th><th>Excluded Groups</th></tr>
<tr><th colspan="8">Surefire suite</th></tr>
<tr><td><a href="#t0">Surefire test</a></td><td class="num">4</td><td class="num">0</td><td class="num">0</td><td class="num attn">4</td><td class="num">410,470</td><td></td><td></td></tr>
</table>
<table id='summary'><thead><tr><th>Class</th><th>Method</th><th>Start</th><th>Time (ms)</th></tr></thead><tbody><tr><th colspan="4">Surefire suite</th></tr></tbody><tbody id="t0"><tr><th colspan="4">Surefire test &#8212; failed</th></tr><tr class="failedeven"><td rowspan="4">org.OfficerUserTest</td><td><a href="#m0">createOfficerUserEditView</a></td><td rowspan="1">1747412652412</td><td rowspan="1">43219</td></tr><tr class="failedeven"><td><a href="#m1">createOfficerUserViewOnly</a></td><td rowspan="1">1747412612500</td><td rowspan="1">13578</td></tr><tr class="failedeven"><td><a href="#m2">verifyOfficerUserViewEdit</a></td><td rowspan="1">1747412698464</td><td rowspan="1">20445</td></tr><tr class="failedeven"><td><a href="#m3">verifyOfficerUserViewOnly</a></td><td rowspan="1">1747412628832</td><td rowspan="1">19976</td></tr><tr><th colspan="4">Surefire test &#8212; passed</th></tr><tr class="passedeven"><td rowspan="4">org.OfficerUserTest</td><td><a href="#m4">createOfficerUserAdmin</a></td><td rowspan="1">1747412722524</td><td rowspan="1">80990</td></tr><tr class="passedeven"><td><a href="#m5">createOfficerUserCustomize</a></td><td rowspan="1">1747412860388</td><td rowspan="1">81419</td></tr><tr class="passedeven"><td><a href="#m6">verifyOfficerUserAdmin</a></td><td rowspan="1">1747412805265</td><td rowspan="1">53350</td></tr><tr class="passedeven"><td><a href="#m7">verifyOfficerUserCustomize</a></td><td rowspan="1">1747412944619</td><td rowspan="1">52600</td></tr></tbody>
</table>
<h2>Surefire test</h2><h3 id="m0">org.OfficerUserTest#createOfficerUserEditView</h3><table class="result"><tr class="param"><th>Parameter #1</th></tr><tr class="param stripe"><td>org.data.webData@55b5e331</td></tr><tr><th>Exception</th></tr><tr><td><div class="stacktrace">org.openqa.selenium.ElementClickInterceptedException: element click intercepted: Element &lt;i class=&quot;far fa-user-circle&quot;&gt;&lt;/i&gt; is not clickable at point (1880, 23). Other element would receive the click: &lt;i _ngcontent-cbf-c674=&quot;&quot; title=&quot;Close dialog&quot; class=&quot;fas fa-times&quot;&gt;&lt;/i&gt;
  (Session info: chrome=136.0.7103.114)
Build info: version: &apos;4.29.0&apos;, revision: &apos;5fc1ec94cb&apos;
System info: os.name: &apos;Windows 10&apos;, os.arch: &apos;amd64&apos;, os.version: &apos;10.0&apos;, java.version: &apos;21.0.7&apos;
Driver info: org.openqa.selenium.chrome.ChromeDriver
Command: [cb701e013f89dd3471eba7a769a3b44e, clickElement {id=f.4D6AF8CF82FBE0EAEBCBD24FDA08F2A1.d.E6054E7B4EA1B244C4A632E76858E4A0.e.10222}]
Capabilities {acceptInsecureCerts: false, browserName: chrome, browserVersion: 136.0.7103.114, chrome: {chromedriverVersion: 136.0.7103.92 (cb81a4cc5087..., userDataDir: C:\Users\mail2\AppData\Loca...}, fedcm:accounts: true, goog:chromeOptions: {debuggerAddress: localhost:50452}, networkConnectionEnabled: false, pageLoadStrategy: normal, platformName: windows, proxy: Proxy(), se:cdp: ws://localhost:50452/devtoo..., se:cdpVersion: 136.0.7103.114, setWindowRect: true, strictFileInteractability: false, timeouts: {implicit: 0, pageLoad: 300000, script: 30000}, unhandledPromptBehavior: dismiss and notify, webauthn:extension:credBlob: true, webauthn:extension:largeBlob: true, webauthn:extension:minPinLength: true, webauthn:extension:prf: true, webauthn:virtualAuthenticators: true}
Element: [[ChromeDriver: chrome on windows (cb701e013f89dd3471eba7a769a3b44e)] -&gt; css selector: .dropdown .fa-user-circle]
Session ID: cb701e013f89dd3471eba7a769a3b44e
	at org.openqa.selenium.remote.ErrorCodec.decode(ErrorCodec.java:167)
	at org.openqa.selenium.remote.codec.w3c.W3CHttpResponseCodec.decode(W3CHttpResponseCodec.java:138)
	at org.openqa.selenium.remote.codec.w3c.W3CHttpResponseCodec.decode(W3CHttpResponseCodec.java:50)
	at org.openqa.selenium.remote.HttpCommandExecutor.execute(HttpCommandExecutor.java:215)
	at org.openqa.selenium.remote.service.DriverCommandExecutor.invokeExecute(DriverCommandExecutor.java:216)
	at org.openqa.selenium.remote.service.DriverCommandExecutor.execute(DriverCommandExecutor.java:174)
	at org.openqa.selenium.remote.RemoteWebDriver.execute(RemoteWebDriver.java:545)
	at org.openqa.selenium.remote.RemoteWebElement.execute(RemoteWebElement.java:223)
	at org.openqa.selenium.remote.RemoteWebElement.click(RemoteWebElement.java:76)
	at org.automation.pages.OfficerPage.clickProfileIcon(OfficerPage.java:187)
	at org.automation.pages.OfficerPage.logoutFlow(OfficerPage.java:713)
	at org.automation.pages.OfficerPage.createOfficeUser(OfficerPage.java:224)
	at org.OfficerUserTest.createOfficerUserEditView(OfficerUserTest.java:69)
	at java.base/java.util.ArrayList.forEach(ArrayList.java:1596)
... Removed 33 stack frames</div></td></tr></table><p class="totop"><a href="#summary">back to summary</a></p>
<h3 id="m1">org.OfficerUserTest#createOfficerUserViewOnly</h3><table class="result"><tr class="param"><th>Parameter #1</th></tr><tr class="param stripe"><td>org.data.webData@466cf502</td></tr><tr><th>Exception</th></tr><tr><td><div class="stacktrace">org.openqa.selenium.ElementClickInterceptedException: element click intercepted: Element &lt;a title=&quot;Settings&quot; class=&quot;topMenuSettings&quot; href=&quot;/settingsTab&quot;&gt;...&lt;/a&gt; is not clickable at point (1850, 25). Other element would receive the click: &lt;div class=&quot;cdk-overlay-backdrop cdk-overlay-dark-backdrop cdk-overlay-backdrop-showing&quot;&gt;&lt;/div&gt;
  (Session info: chrome=136.0.7103.114)
Build info: version: &apos;4.29.0&apos;, revision: &apos;5fc1ec94cb&apos;
System info: os.name: &apos;Windows 10&apos;, os.arch: &apos;amd64&apos;, os.version: &apos;10.0&apos;, java.version: &apos;21.0.7&apos;
Driver info: org.openqa.selenium.chrome.ChromeDriver
Command: [cb701e013f89dd3471eba7a769a3b44e, clickElement {id=f.4D6AF8CF82FBE0EAEBCBD24FDA08F2A1.d.EA03E7E4B407964F5815A0F3B94BD413.e.591}]
Capabilities {acceptInsecureCerts: false, browserName: chrome, browserVersion: 136.0.7103.114, chrome: {chromedriverVersion: 136.0.7103.92 (cb81a4cc5087..., userDataDir: C:\Users\mail2\AppData\Loca...}, fedcm:accounts: true, goog:chromeOptions: {debuggerAddress: localhost:50452}, networkConnectionEnabled: false, pageLoadStrategy: normal, platformName: windows, proxy: Proxy(), se:cdp: ws://localhost:50452/devtoo..., se:cdpVersion: 136.0.7103.114, setWindowRect: true, strictFileInteractability: false, timeouts: {implicit: 0, pageLoad: 300000, script: 30000}, unhandledPromptBehavior: dismiss and notify, webauthn:extension:credBlob: true, webauthn:extension:largeBlob: true, webauthn:extension:minPinLength: true, webauthn:extension:prf: true, webauthn:virtualAuthenticators: true}
Element: [[ChromeDriver: chrome on windows (cb701e013f89dd3471eba7a769a3b44e)] -&gt; css selector: .topMenuSettings]
Session ID: cb701e013f89dd3471eba7a769a3b44e
	at org.openqa.selenium.remote.ErrorCodec.decode(ErrorCodec.java:167)
	at org.openqa.selenium.remote.codec.w3c.W3CHttpResponseCodec.decode(W3CHttpResponseCodec.java:138)
	at org.openqa.selenium.remote.codec.w3c.W3CHttpResponseCodec.decode(W3CHttpResponseCodec.java:50)
	at org.openqa.selenium.remote.HttpCommandExecutor.execute(HttpCommandExecutor.java:215)
	at org.openqa.selenium.remote.service.DriverCommandExecutor.invokeExecute(DriverCommandExecutor.java:216)
	at org.openqa.selenium.remote.service.DriverCommandExecutor.execute(DriverCommandExecutor.java:174)
	at org.openqa.selenium.remote.RemoteWebDriver.execute(RemoteWebDriver.java:545)
	at org.openqa.selenium.remote.RemoteWebElement.execute(RemoteWebElement.java:223)
	at org.openqa.selenium.remote.RemoteWebElement.click(RemoteWebElement.java:76)
	at org.automation.pages.OfficerPage.navigateToOfficerUser(OfficerPage.java:255)
	at org.automation.pages.OfficerPage.createOfficeUser(OfficerPage.java:196)
	at org.OfficerUserTest.createOfficerUserViewOnly(OfficerUserTest.java:41)
	at java.base/java.util.ArrayList.forEach(ArrayList.java:1596)
... Removed 33 stack frames</div></td></tr></table><p class="totop"><a href="#summary">back to summary</a></p>
<h3 id="m2">org.OfficerUserTest#verifyOfficerUserViewEdit</h3><table class="result"><tr class="param"><th>Parameter #1</th></tr><tr class="param stripe"><td>org.data.webData@232cce0</td></tr><tr><th>Exception</th></tr><tr><td><div class="stacktrace">org.openqa.selenium.TimeoutException: Expected condition failed: waiting for element to be clickable: By.cssSelector: .topMenuSettings (tried for 10 second(s) with 500 milliseconds interval)
Build info: version: &apos;4.29.0&apos;, revision: &apos;5fc1ec94cb&apos;
System info: os.name: &apos;Windows 10&apos;, os.arch: &apos;amd64&apos;, os.version: &apos;10.0&apos;, java.version: &apos;21.0.7&apos;
Driver info: org.openqa.selenium.chrome.ChromeDriver
Capabilities {acceptInsecureCerts: false, browserName: chrome, browserVersion: 136.0.7103.114, chrome: {chromedriverVersion: 136.0.7103.92 (cb81a4cc5087..., userDataDir: C:\Users\mail2\AppData\Loca...}, fedcm:accounts: true, goog:chromeOptions: {debuggerAddress: localhost:50452}, networkConnectionEnabled: false, pageLoadStrategy: normal, platformName: windows, proxy: Proxy(), se:cdp: ws://localhost:50452/devtoo..., se:cdpVersion: 136.0.7103.114, setWindowRect: true, strictFileInteractability: false, timeouts: {implicit: 0, pageLoad: 300000, script: 30000}, unhandledPromptBehavior: dismiss and notify, webauthn:extension:credBlob: true, webauthn:extension:largeBlob: true, webauthn:extension:minPinLength: true, webauthn:extension:prf: true, webauthn:virtualAuthenticators: true}
Session ID: cb701e013f89dd3471eba7a769a3b44e
	at org.openqa.selenium.support.ui.WebDriverWait.timeoutException(WebDriverWait.java:84)
	at org.openqa.selenium.support.ui.FluentWait.until(FluentWait.java:228)
	at org.automation.pages.CommonPage.waitForElementClickable(CommonPage.java:39)
	at org.automation.pages.CommonPage.waitForElementClickableByCss(CommonPage.java:43)
	at org.automation.pages.OfficerPage.navigateToOfficerUser(OfficerPage.java:255)
	at org.automation.pages.OfficerPage.verifyEditViewCreatedOfficerUserData(OfficerPage.java:236)
	at org.OfficerUserTest.verifyOfficerUserViewEdit(OfficerUserTest.java:78)
	at java.base/java.util.ArrayList.forEach(ArrayList.java:1596)
... Removed 30 stack frames</div></td></tr></table><p class="totop"><a href="#summary">back to summary</a></p>
<h3 id="m3">org.OfficerUserTest#verifyOfficerUserViewOnly</h3><table class="result"><tr class="param"><th>Parameter #1</th></tr><tr class="param stripe"><td>org.data.webData@547e29a4</td></tr><tr><th>Exception</th></tr><tr><td><div class="stacktrace">org.openqa.selenium.TimeoutException: Expected condition failed: waiting for element to be clickable: By.cssSelector: .topMenuSettings (tried for 10 second(s) with 500 milliseconds interval)
Build info: version: &apos;4.29.0&apos;, revision: &apos;5fc1ec94cb&apos;
System info: os.name: &apos;Windows 10&apos;, os.arch: &apos;amd64&apos;, os.version: &apos;10.0&apos;, java.version: &apos;21.0.7&apos;
Driver info: org.openqa.selenium.chrome.ChromeDriver
Capabilities {acceptInsecureCerts: false, browserName: chrome, browserVersion: 136.0.7103.114, chrome: {chromedriverVersion: 136.0.7103.92 (cb81a4cc5087..., userDataDir: C:\Users\mail2\AppData\Loca...}, fedcm:accounts: true, goog:chromeOptions: {debuggerAddress: localhost:50452}, networkConnectionEnabled: false, pageLoadStrategy: normal, platformName: windows, proxy: Proxy(), se:cdp: ws://localhost:50452/devtoo..., se:cdpVersion: 136.0.7103.114, setWindowRect: true, strictFileInteractability: false, timeouts: {implicit: 0, pageLoad: 300000, script: 30000}, unhandledPromptBehavior: dismiss and notify, webauthn:extension:credBlob: true, webauthn:extension:largeBlob: true, webauthn:extension:minPinLength: true, webauthn:extension:prf: true, webauthn:virtualAuthenticators: true}
Session ID: cb701e013f89dd3471eba7a769a3b44e
	at org.openqa.selenium.support.ui.WebDriverWait.timeoutException(WebDriverWait.java:84)
	at org.openqa.selenium.support.ui.FluentWait.until(FluentWait.java:228)
	at org.automation.pages.CommonPage.waitForElementClickable(CommonPage.java:39)
	at org.automation.pages.CommonPage.waitForElementClickableByCss(CommonPage.java:43)
	at org.automation.pages.OfficerPage.navigateToOfficerUser(OfficerPage.java:255)
	at org.automation.pages.OfficerPage.verifyViewOnlyCreatedOfficerUserData(OfficerPage.java:228)
	at org.OfficerUserTest.verifyOfficerUserViewOnly(OfficerUserTest.java:50)
	at java.base/java.util.ArrayList.forEach(ArrayList.java:1596)
... Removed 30 stack frames</div></td></tr></table><p class="totop"><a href="#summary">back to summary</a></p>
<h3 id="m4">org.OfficerUserTest#createOfficerUserAdmin</h3><table class="result"><tr class="param"><th>Parameter #1</th></tr><tr class="param stripe"><td>org.data.webData@61f80d55</td></tr></table><p class="totop"><a href="#summary">back to summary</a></p>
<h3 id="m5">org.OfficerUserTest#createOfficerUserCustomize</h3><table class="result"><tr class="param"><th>Parameter #1</th></tr><tr class="param stripe"><td>org.data.webData@3dc68586</td></tr></table><p class="totop"><a href="#summary">back to summary</a></p>
<h3 id="m6">org.OfficerUserTest#verifyOfficerUserAdmin</h3><table class="result"><tr class="param"><th>Parameter #1</th></tr><tr class="param stripe"><td>org.data.webData@535a518c</td></tr></table><p class="totop"><a href="#summary">back to summary</a></p>
<h3 id="m7">org.OfficerUserTest#verifyOfficerUserCustomize</h3><table class="result"><tr class="param"><th>Parameter #1</th></tr><tr class="param stripe"><td>org.data.webData@1dbff71c</td></tr></table><p class="totop"><a href="#summary">back to summary</a></p>
</body>
</html>
